c:\users\f\documents\defaultz\paralizepro\x64\release\default.pch
c:\users\f\documents\defaultz\paralizepro\x64\release\pch.obj
c:\users\f\documents\defaultz\paralizepro\x64\release\aimbot.obj
c:\users\f\documents\defaultz\paralizepro\x64\release\localplayermanager.obj
c:\users\f\documents\defaultz\paralizepro\x64\release\connectionhandler.obj
c:\users\f\documents\defaultz\paralizepro\x64\release\renderer.obj
c:\users\f\documents\defaultz\paralizepro\x64\release\registryinfohelper.obj
c:\users\f\documents\defaultz\paralizepro\x64\release\entity.obj
c:\users\f\documents\defaultz\paralizepro\x64\release\paralyze_drawing.obj
c:\users\f\documents\defaultz\paralizepro\x64\release\imgui_draw.obj
c:\users\f\documents\defaultz\paralizepro\x64\release\paralizepro.obj
c:\users\f\documents\defaultz\paralizepro\x64\release\paralyze_drawing_setup.obj
c:\users\f\documents\defaultz\paralizepro\x64\release\offsets.obj
c:\users\f\documents\defaultz\paralizepro\x64\release\paralyze_cheat_memory.obj
c:\users\f\documents\defaultz\paralizepro\x64\release\paralyze_drawing_menu.obj
c:\users\f\documents\defaultz\paralizepro\x64\release\imgui.obj
c:\users\f\documents\defaultz\paralizepro\x64\release\security.obj
c:\users\f\documents\defaultz\paralizepro\x64\release\cheatmanager.obj
c:\users\f\documents\defaultz\paralizepro\x64\release\base64.obj
c:\users\f\documents\defaultz\paralizepro\x64\release\imgui_demo.obj
c:\users\f\documents\defaultz\paralizepro\x64\release\imgui_widgets.obj
c:\users\f\documents\defaultz\paralizepro\x64\release\paralyze_security_screenshot.obj
c:\users\f\documents\defaultz\paralizepro\x64\release\computeridentifier.obj
c:\users\f\documents\defaultz\paralizepro\x64\release\aes.obj
c:\users\f\documents\defaultz\paralizepro\x64\release\aescryptohandler.obj
c:\users\f\documents\defaultz\paralizepro\x64\release\statusmanager.obj
c:\users\f\documents\defaultz\paralizepro\x64\release\hardinfohelper.obj
c:\users\f\documents\defaultz\paralizepro\x64\release\gamerenderer.obj
c:\users\f\documents\defaultz\paralizepro\x64\release\paralyze_auth.obj
c:\users\f\documents\defaultz\paralizepro\x64\release\glowmanager.obj
c:\users\f\documents\defaultz\paralizepro\x64\release\paralyze_drawing_visuals.obj
c:\users\f\documents\defaultz\paralizepro\x64\release\imgui_impl_dx11.obj
c:\users\f\documents\defaultz\paralizepro\x64\release\vectors.obj
c:\users\f\documents\defaultz\paralizepro\x64\release\paralyze_drawing_input.obj
c:\users\f\documents\defaultz\paralizepro\x64\release\imgui_impl_win32.obj
c:\users\f\documents\defaultz\paralizepro\x64\release\settings.obj
c:\users\f\documents\defaultz\paralizepro\x64\release\utils.obj
c:\users\f\documents\defaultz\x64\release\default.ipdb
c:\users\f\documents\defaultz\x64\release\default.iobj
c:\users\f\documents\defaultz\x64\release\default.exe
c:\users\f\documents\defaultz\paralizepro\x64\release\default.exe.intermediate.manifest
c:\users\f\documents\defaultz\x64\release\default.map
c:\users\f\documents\defaultz\x64\release\default.exe.manifest
c:\users\f\documents\defaultz\paralizepro\x64\release\default.tlog\cl.command.1.tlog
c:\users\f\documents\defaultz\paralizepro\x64\release\default.tlog\cl.read.1.tlog
c:\users\f\documents\defaultz\paralizepro\x64\release\default.tlog\cl.write.1.tlog
c:\users\f\documents\defaultz\paralizepro\x64\release\default.tlog\default.write.1u.tlog
c:\users\f\documents\defaultz\paralizepro\x64\release\default.tlog\link.command.1.tlog
c:\users\f\documents\defaultz\paralizepro\x64\release\default.tlog\link.read.1.tlog
c:\users\f\documents\defaultz\paralizepro\x64\release\default.tlog\link.write.1.tlog
c:\users\f\documents\defaultz\paralizepro\x64\release\default.tlog\mt.command.1.tlog
c:\users\f\documents\defaultz\paralizepro\x64\release\default.tlog\mt.read.1.tlog
c:\users\f\documents\defaultz\paralizepro\x64\release\default.tlog\mt.write.1.tlog
