d:\github\paralyze\r6s\paralizepro\x64\release\paralyze_auth.obj
d:\github\paralyze\r6s\paralizepro\x64\release\connectionhandler.obj
d:\github\paralyze\r6s\paralizepro\x64\release\paralizepro.obj
d:\github\paralyze\r6s\paralizepro\x64\release\renderer.obj
d:\github\paralyze\r6s\paralizepro\x64\release\paralyze_drawing_visuals.obj
d:\github\paralyze\r6s\paralizepro\x64\release\paralyze_drawing_menu.obj
d:\github\paralyze\r6s\paralizepro\x64\release\cheatmanager.obj
d:\github\paralyze\r6s\paralizepro\x64\release\entity.obj
d:\github\paralyze\r6s\paralizepro\x64\release\gamerenderer.obj
d:\github\paralyze\r6s\paralizepro\x64\release\statusmanager.obj
d:\github\paralyze\r6s\paralizepro\x64\release\aimbot.obj
d:\github\paralyze\r6s\paralizepro\x64\release\paralyze_drawing_setup.obj
d:\github\paralyze\r6s\paralizepro\x64\release\utils.obj
d:\github\paralyze\r6s\paralizepro\x64\release\paralyze_drawing.obj
d:\github\paralyze\r6s\paralizepro\x64\release\localplayermanager.obj
d:\github\paralyze\r6s\paralizepro\x64\release\paralyze_drawing_input.obj
d:\github\paralyze\r6s\paralizepro\x64\release\paralizepro.pch
d:\github\paralyze\r6s\paralizepro\x64\release\vc142.pdb
d:\github\paralyze\r6s\paralizepro\x64\release\pch.obj
d:\github\paralyze\r6s\paralizepro\x64\release\imgui_draw.obj
d:\github\paralyze\r6s\paralizepro\x64\release\hardinfohelper.obj
d:\github\paralyze\r6s\paralizepro\x64\release\imgui_demo.obj
d:\github\paralyze\r6s\paralizepro\x64\release\imgui_impl_win32.obj
d:\github\paralyze\r6s\paralizepro\x64\release\base64.obj
d:\github\paralyze\r6s\paralizepro\x64\release\offsets.obj
d:\github\paralyze\r6s\paralizepro\x64\release\registryinfohelper.obj
d:\github\paralyze\r6s\paralizepro\x64\release\aescryptohandler.obj
d:\github\paralyze\r6s\paralizepro\x64\release\imgui_impl_dx11.obj
d:\github\paralyze\r6s\paralizepro\x64\release\imgui_widgets.obj
d:\github\paralyze\r6s\paralizepro\x64\release\paralyze_security_screenshot.obj
d:\github\paralyze\r6s\paralizepro\x64\release\computeridentifier.obj
d:\github\paralyze\r6s\paralizepro\x64\release\imgui.obj
d:\github\paralyze\r6s\paralizepro\x64\release\paralyze_cheat_memory.obj
d:\github\paralyze\r6s\paralizepro\x64\release\aes.obj
d:\github\paralyze\r6s\paralizepro\x64\release\settings.obj
d:\github\paralyze\r6s\paralizepro\x64\release\sha1.obj
d:\github\paralyze\r6s\paralizepro\x64\release\vectors.obj
d:\github\paralyze\r6s\paralizepro\x64\release\security.obj
d:\github\paralyze\r6s\x64\release\paralizepro.exe
d:\github\paralyze\r6s\x64\release\paralizepro.pdb
d:\github\paralyze\r6s\x64\release\paralizepro.ipdb
d:\github\paralyze\r6s\x64\release\paralizepro.iobj
d:\github\paralyze\r6s\paralizepro\x64\release\paralizepro.tlog\cl.command.1.tlog
d:\github\paralyze\r6s\paralizepro\x64\release\paralizepro.tlog\cl.read.1.tlog
d:\github\paralyze\r6s\paralizepro\x64\release\paralizepro.tlog\cl.write.1.tlog
d:\github\paralyze\r6s\paralizepro\x64\release\paralizepro.tlog\link.command.1.tlog
d:\github\paralyze\r6s\paralizepro\x64\release\paralizepro.tlog\link.delete.1.tlog
d:\github\paralyze\r6s\paralizepro\x64\release\paralizepro.tlog\link.read.1.tlog
d:\github\paralyze\r6s\paralizepro\x64\release\paralizepro.tlog\link.write.1.tlog
d:\github\paralyze\r6s\paralizepro\x64\release\paralizepro.tlog\paralizepro.write.1u.tlog
